2025-08-06 21:51:24.810 | INFO     | __main__:check_playwright_installed:67 - Playwright 浏览器已安装。
2025-08-06 21:51:24.812 | INFO     | __main__:main:283 - Bilibili 推送机器人启动中...
2025-08-06 21:51:24.925 | SUCCESS  | __main__:main:288 - 成功连接到 OneBot V11 WebSocket: ws://127.0.0.1:15700/onebot/v11/ws
2025-08-06 21:51:38.096 | INFO     | __main__:check_live_status:205 - 首次运行，报告直播状态: 未开播
2025-08-06 21:51:38.096 | INFO     | __main__:send_group_msg:94 - 向群 977105881 发送消息成功。
2025-08-06 21:51:50.086 | ERROR    | __main__:get_user_dynamics:134 - 获取动态 API 返回错误: {'code': -352, 'message': '-352', 'ttl': 1}
2025-08-06 21:51:50.089 | WARNING  | __main__:check_dynamics:235 - 未能获取到动态列表。
2025-08-06 21:51:50.090 | INFO     | __main__:send_group_msg:94 - 向群 977105881 发送消息成功。
2025-08-06 21:51:50.090 | INFO     | __main__:main:300 - 首次运行检查完成。
2025-08-06 21:52:02.995 | INFO     | __main__:<module>:322 - 机器人被手动停止。
2025-08-06 21:54:44.754 | INFO     | __main__:check_playwright_installed:69 - Playwright 浏览器已安装。
2025-08-06 21:54:44.755 | INFO     | __main__:main:276 - Bilibili 推送机器人启动中...
2025-08-06 21:54:44.859 | SUCCESS  | __main__:main:281 - 成功连接到 OneBot V11 WebSocket: ws://127.0.0.1:15700/onebot/v11/ws
2025-08-06 21:54:57.705 | INFO     | __main__:check_live_status:205 - 首次运行，报告直播状态: 未开播
2025-08-06 21:54:57.706 | INFO     | __main__:send_group_msg:95 - 向群 977105881 发送消息成功。
2025-08-06 21:55:10.470 | INFO     | __main__:check_dynamics:250 - 首次运行，初始化最新动态ID为: 1084975757685424229
2025-08-06 21:55:21.960 | INFO     | __main__:take_dynamic_screenshot:174 - 动态 1084975757685424229 截图成功。
2025-08-06 21:55:22.001 | INFO     | __main__:send_group_msg:95 - 向群 977105881 发送消息成功。
2025-08-06 21:55:22.001 | INFO     | __main__:main:291 - 首次运行检查完成。
2025-08-06 22:01:23.844 | INFO     | __main__:<module>:312 - 机器人被手动停止。
2025-08-06 22:01:37.762 | INFO     | __main__:check_playwright_installed:92 - Playwright 浏览器已安装。
2025-08-06 22:01:37.763 | INFO     | __main__:main:304 - Bilibili 推送机器人启动中...
2025-08-06 22:01:37.871 | SUCCESS  | __main__:main:309 - 成功连接到 OneBot V11 WebSocket: ws://127.0.0.1:15700/onebot/v11/ws
2025-08-06 22:01:50.769 | INFO     | __main__:check_live_status:243 - 首次运行，报告直播状态: 未开播
2025-08-06 22:01:50.769 | INFO     | __main__:send_group_msg:109 - 向群 977105881 发送消息成功。
2025-08-06 22:01:50.770 | INFO     | __main__:scrape_latest_dynamic_info:137 - 正在通过浏览器模拟访问动态主页...
2025-08-06 22:02:11.020 | ERROR    | __main__:scrape_latest_dynamic_info:181 - Playwright 抓取动态页面失败: Locator.wait_for: Timeout 10000ms exceeded.
Call log:
  - waiting for locator(".bili-dyn-item-container").first to be visible

2025-08-06 22:02:11.021 | WARNING  | __main__:check_dynamics:268 - 未能通过模拟浏览器获取到动态信息。
2025-08-06 22:02:11.021 | INFO     | __main__:send_group_msg:109 - 向群 977105881 发送消息成功。
2025-08-06 22:02:11.022 | INFO     | __main__:main:320 - 首次运行检查完成。
2025-08-06 22:03:23.114 | INFO     | __main__:scrape_latest_dynamic_info:137 - 正在通过浏览器模拟访问动态主页...
2025-08-06 22:03:43.049 | ERROR    | __main__:scrape_latest_dynamic_info:181 - Playwright 抓取动态页面失败: Locator.wait_for: Timeout 10000ms exceeded.
Call log:
  - waiting for locator(".bili-dyn-item-container").first to be visible

2025-08-06 22:03:43.049 | WARNING  | __main__:check_dynamics:268 - 未能通过模拟浏览器获取到动态信息。
2025-08-06 22:04:14.377 | INFO     | __main__:<module>:340 - 机器人被手动停止。
2025-08-06 22:04:30.486 | INFO     | __main__:check_playwright_installed:86 - Playwright 浏览器已安装。
2025-08-06 22:04:30.487 | INFO     | __main__:main:274 - Bilibili 推送机器人启动中...
2025-08-06 22:04:30.594 | SUCCESS  | __main__:main:278 - 成功连接到 OneBot V11 WebSocket: ws://127.0.0.1:15700/onebot/v11/ws
2025-08-06 22:04:43.475 | INFO     | __main__:check_live_status:228 - 首次运行，报告直播状态: 未开播
2025-08-06 22:04:43.475 | INFO     | __main__:send_group_msg:102 - 向群 977105881 发送消息成功。
2025-08-06 22:04:43.476 | INFO     | __main__:scrape_latest_dynamic_info:125 - 正在通过浏览器模拟访问动态主页...
2025-08-06 22:04:48.345 | INFO     | __main__:scrape_latest_dynamic_info:141 - 尝试关闭可能存在的引导弹窗...
2025-08-06 22:04:51.372 | INFO     | __main__:scrape_latest_dynamic_info:145 - 未发现引导弹窗。
2025-08-06 22:04:51.373 | INFO     | __main__:scrape_latest_dynamic_info:148 - 等待动态列表容器加载...
2025-08-06 22:04:52.456 | INFO     | __main__:scrape_latest_dynamic_info:150 - 动态列表容器已加载。
2025-08-06 22:04:54.485 | INFO     | __main__:scrape_latest_dynamic_info:155 - 等待第一张动态卡片变为可见...
2025-08-06 22:05:15.495 | ERROR    | __main__:scrape_latest_dynamic_info:179 - Playwright 抓取动态页面失败: Locator.wait_for: Timeout 20000ms exceeded.
Call log:
  - waiting for locator(".bili-dyn-item-container").first to be visible

2025-08-06 22:05:15.496 | ERROR    | __main__:scrape_latest_dynamic_info:180 - 【重要】页面截图已保存到 error_screenshot.png 以便调试。请查看该图片，确认页面内容是否正常（例如是否需要登录或出现验证码）。
2025-08-06 22:05:15.645 | WARNING  | __main__:check_dynamics:250 - 未能通过模拟浏览器获取到动态信息。
2025-08-06 22:05:15.646 | INFO     | __main__:send_group_msg:102 - 向群 977105881 发送消息成功。
2025-08-06 22:05:15.646 | INFO     | __main__:main:286 - 首次运行检查完成。
2025-08-06 22:06:29.212 | INFO     | __main__:scrape_latest_dynamic_info:125 - 正在通过浏览器模拟访问动态主页...
2025-08-06 22:06:32.996 | INFO     | __main__:<module>:302 - 机器人被手动停止。
